0 info it worked if it ends with ok
1 verbose cli [ '/usr/local/Cellar/node/7.2.0/bin/node',
1 verbose cli   '/usr/local/bin/npm',
1 verbose cli   'run',
1 verbose cli   'webpack' ]
2 info using npm@3.10.9
3 info using node@v7.2.0
4 verbose run-script [ 'prewebpack', 'webpack', 'postwebpack' ]
5 info lifecycle the_breakfast_club@1.0.0~prewebpack: the_breakfast_club@1.0.0
6 silly lifecycle the_breakfast_club@1.0.0~prewebpack: no script for prewebpack, continuing
7 info lifecycle the_breakfast_club@1.0.0~webpack: the_breakfast_club@1.0.0
8 verbose lifecycle the_breakfast_club@1.0.0~webpack: unsafe-perm in lifecycle true
9 verbose lifecycle the_breakfast_club@1.0.0~webpack: PATH: /usr/local/lib/node_modules/npm/bin/node-gyp-bin:/Users/commander/Challenges/the_breakfast_club/node_modules/.bin:/usr/local/Cellar/node/7.2.0/bin:/Users/commander/.gem/ruby/2.2.5/bin:/Users/commander/.rubies/ruby-2.2.5/lib/ruby/gems/2.2.0/bin:/Users/commander/.rubies/ruby-2.2.5/bin:/usr/local/bin:/usr/bin:/bin:/usr/sbin:/sbin:/Applications/Postgres.app/Contents/Versions/9.6/bin
10 verbose lifecycle the_breakfast_club@1.0.0~webpack: CWD: /Users/commander/Challenges/the_breakfast_club
11 silly lifecycle the_breakfast_club@1.0.0~webpack: Args: [ '-c', 'webpack --config ./react/webpack.config.js' ]
12 info lifecycle the_breakfast_club@1.0.0~webpack: Failed to exec webpack script
13 verbose stack Error: the_breakfast_club@1.0.0 webpack: `webpack --config ./react/webpack.config.js`
13 verbose stack spawn ENOENT
13 verbose stack     at ChildProcess.<anonymous> (/usr/local/lib/node_modules/npm/lib/utils/spawn.js:33:16)
13 verbose stack     at emitTwo (events.js:106:13)
13 verbose stack     at ChildProcess.emit (events.js:191:7)
13 verbose stack     at maybeClose (internal/child_process.js:885:16)
13 verbose stack     at Process.ChildProcess._handle.onexit (internal/child_process.js:226:5)
14 verbose pkgid the_breakfast_club@1.0.0
15 verbose cwd /Users/commander/Challenges/the_breakfast_club
16 error Darwin 16.3.0
17 error argv "/usr/local/Cellar/node/7.2.0/bin/node" "/usr/local/bin/npm" "run" "webpack"
18 error node v7.2.0
19 error npm  v3.10.9
20 error file sh
21 error code ELIFECYCLE
22 error errno ENOENT
23 error syscall spawn
24 error the_breakfast_club@1.0.0 webpack: `webpack --config ./react/webpack.config.js`
24 error spawn ENOENT
25 error Failed at the the_breakfast_club@1.0.0 webpack script 'webpack --config ./react/webpack.config.js'.
25 error Make sure you have the latest version of node.js and npm installed.
25 error If you do, this is most likely a problem with the the_breakfast_club package,
25 error not with npm itself.
25 error Tell the author that this fails on your system:
25 error     webpack --config ./react/webpack.config.js
25 error You can get information on how to open an issue for this project with:
25 error     npm bugs the_breakfast_club
25 error Or if that isn't available, you can get their info via:
25 error     npm owner ls the_breakfast_club
25 error There is likely additional logging output above.
26 verbose exit [ 1, true ]
